<?xml version="1.0" encoding="UTF-8"?>
<testng-results ignored="0" total="1" passed="1" failed="0" skipped="0">
  <reporter-output>
    <line>
      <![CDATA[*****************Setting up reports and test started********************]]>
    </line>
    <line>
      <![CDATA[******************All configurations done********************]]>
    </line>
    <line>
      <![CDATA[******************Initialising Browser********************]]>
    </line>
    <line>
      <![CDATA[******************Browser and application  Launched ********************]]>
    </line>
    <line>
      <![CDATA[******************Test about to End********************]]>
    </line>
    <line>
      <![CDATA[******************Test Completed >> Reports Generated********************]]>
    </line>
  </reporter-output>
  <suite started-at="2021-09-24T23:17:03 AEST" name="Default suite" finished-at="2021-09-24T23:17:07 AEST" duration-ms="3666">
    <groups>
    </groups>
    <test started-at="2021-09-24T23:17:03 AEST" name="Default test" finished-at="2021-09-24T23:17:07 AEST" duration-ms="3666">
      <class name="com.qa.TestCases.LoginAppTest">
        <test-method is-config="true" signature="setUpSuite()[pri:0, instance:com.qa.TestCases.LoginAppTest@358ee631]" started-at="2021-09-24T23:17:02 AEST" name="setUpSuite" finished-at="2021-09-24T23:17:03 AEST" duration-ms="476" status="PASS">
          <reporter-output>
            <line>
              <![CDATA[*****************Setting up reports and test started********************]]>
            </line>
            <line>
              <![CDATA[******************All configurations done********************]]>
            </line>
          </reporter-output>
        </test-method> <!-- setUpSuite -->
        <test-method is-config="true" signature="setup()[pri:0, instance:com.qa.TestCases.LoginAppTest@358ee631]" started-at="2021-09-24T23:17:03 AEST" name="setup" finished-at="2021-09-24T23:17:06 AEST" duration-ms="2757" status="PASS">
          <reporter-output>
            <line>
              <![CDATA[******************Initialising Browser********************]]>
            </line>
            <line>
              <![CDATA[******************Browser and application  Launched ********************]]>
            </line>
          </reporter-output>
        </test-method> <!-- setup -->
        <test-method signature="loginApp()[pri:0, instance:com.qa.TestCases.LoginAppTest@358ee631]" started-at="2021-09-24T23:17:06 AEST" name="loginApp" finished-at="2021-09-24T23:17:06 AEST" duration-ms="354" status="PASS">
          <reporter-output>
          </reporter-output>
        </test-method> <!-- loginApp -->
        <test-method is-config="true" signature="tearDownMethod(org.testng.ITestResult)[pri:0, instance:com.qa.TestCases.LoginAppTest@358ee631]" started-at="2021-09-24T23:17:06 AEST" name="tearDownMethod" finished-at="2021-09-24T23:17:06 AEST" duration-ms="360" status="PASS">
          <params>
            <param index="0">
              <value>
                <![CDATA[[TestResult name=loginApp status=SUCCESS method=LoginAppTest.loginApp()[pri:0, instance:com.qa.TestCases.LoginAppTest@358ee631] output={null}]]]>
              </value>
            </param>
          </params>
          <reporter-output>
            <line>
              <![CDATA[******************Test about to End********************]]>
            </line>
            <line>
              <![CDATA[******************Test Completed >> Reports Generated********************]]>
            </line>
          </reporter-output>
        </test-method> <!-- tearDownMethod -->
        <test-method is-config="true" signature="tearDown()[pri:0, instance:com.qa.TestCases.LoginAppTest@358ee631]" started-at="2021-09-24T23:17:06 AEST" name="tearDown" finished-at="2021-09-24T23:17:07 AEST" duration-ms="160" status="PASS">
          <reporter-output>
          </reporter-output>
        </test-method> <!-- tearDown -->
      </class> <!-- com.qa.TestCases.LoginAppTest -->
    </test> <!-- Default test -->
  </suite> <!-- Default suite -->
</testng-results>
